<?xml version="1.0" encoding="UTF-8"?>
<testsuite name="it.adami.spring.boot.clone.instagram.converter.UserConvertersTests" tests="2" skipped="0" failures="0" errors="0" timestamp="2025-07-27T21:04:48" hostname="MacBookPro" time="0.073">
  <properties/>
  <testcase name="testUserCommandToEntity()" classname="it.adami.spring.boot.clone.instagram.converter.UserConvertersTests" time="0.071"/>
  <testcase name="testUserDtoToCommand()" classname="it.adami.spring.boot.clone.instagram.converter.UserConvertersTests" time="0.001"/>
  <system-out><![CDATA[]]></system-out>
  <system-err><![CDATA[]]></system-err>
</testsuite>
