<?xml version="1.0" encoding="UTF-8"?>
<testsuite name="it.adami.spring.boot.clone.instagram.controller.HealthControllerTests" tests="1" skipped="0" failures="0" errors="0" timestamp="2025-07-27T21:04:48" hostname="MacBookPro" time="0.372">
  <properties/>
  <testcase name="shouldReturnNoContent()" classname="it.adami.spring.boot.clone.instagram.controller.HealthControllerTests" time="0.372"/>
  <system-out><![CDATA[23:04:47.428 [Test worker] INFO org.springframework.test.context.support.AnnotationConfigContextLoaderUtils -- Could not detect default configuration classes for test class [it.adami.spring.boot.clone.instagram.controller.HealthControllerTests]: HealthControllerTests does not declare any static, non-private, non-final, nested classes annotated with @Configuration.
23:04:47.500 [Test worker] INFO org.springframework.boot.test.context.SpringBootTestContextBootstrapper -- Found @SpringBootConfiguration it.adami.spring.boot.clone.instagram.InstagramSpringBootCloneApplication for test class it.adami.spring.boot.clone.instagram.controller.HealthControllerTests

  .   ____          _            __ _ _
 /\\ / ___'_ __ _ _(_)_ __  __ _ \ \ \ \
( ( )\___ | '_ | '_| | '_ \/ _` | \ \ \ \
 \\/  ___)| |_)| | | | | || (_| |  ) ) ) )
  '  |____| .__|_| |_|_| |_\__, | / / / /
 =========|_|==============|___/=/_/_/_/

 :: Spring Boot ::                (v3.5.4)

2025-07-27T23:04:47.672+02:00  INFO 29517 --- [    Test worker] i.a.s.b.c.i.c.HealthControllerTests      : Starting HealthControllerTests using Java 17 with PID 29517 (started by albertoadami in /Users/albertoadami/repos/instagram-spring-boot-clone)
2025-07-27T23:04:47.673+02:00  INFO 29517 --- [    Test worker] i.a.s.b.c.i.c.HealthControllerTests      : The following 1 profile is active: "test"
2025-07-27T23:04:48.069+02:00  INFO 29517 --- [    Test worker] o.s.b.t.m.w.SpringBootMockServletContext : Initializing Spring TestDispatcherServlet ''
2025-07-27T23:04:48.069+02:00  INFO 29517 --- [    Test worker] o.s.t.web.servlet.TestDispatcherServlet  : Initializing Servlet ''
2025-07-27T23:04:48.070+02:00  INFO 29517 --- [    Test worker] o.s.t.web.servlet.TestDispatcherServlet  : Completed initialization in 1 ms
2025-07-27T23:04:48.085+02:00  INFO 29517 --- [    Test worker] i.a.s.b.c.i.c.HealthControllerTests      : Started HealthControllerTests in 0.553 seconds (process running for 1.022)
]]></system-out>
  <system-err><![CDATA[]]></system-err>
</testsuite>
