<?xml version="1.0" encoding="UTF-8"?>
<testsuite name="it.adami.spring.boot.clone.instgram.InstgramSpringBootCloneApplicationTests" tests="1" skipped="0" failures="0" errors="0" timestamp="2025-07-26T19:15:33" hostname="MacBookPro" time="0.326">
  <properties/>
  <testcase name="contextLoads()" classname="it.adami.spring.boot.clone.instgram.InstgramSpringBootCloneApplicationTests" time="0.326"/>
  <system-out><![CDATA[21:15:33.203 [Test worker] INFO org.springframework.test.context.support.AnnotationConfigContextLoaderUtils -- Could not detect default configuration classes for test class [it.adami.spring.boot.clone.instgram.InstgramSpringBootCloneApplicationTests]: InstgramSpringBootCloneApplicationTests does not declare any static, non-private, non-final, nested classes annotated with @Configuration.
21:15:33.245 [Test worker] INFO org.springframework.boot.test.context.SpringBootTestContextBootstrapper -- Found @SpringBootConfiguration it.adami.spring.boot.clone.instgram.InstgramSpringBootCloneApplication for test class it.adami.spring.boot.clone.instgram.InstgramSpringBootCloneApplicationTests

  .   ____          _            __ _ _
 /\\ / ___'_ __ _ _(_)_ __  __ _ \ \ \ \
( ( )\___ | '_ | '_| | '_ \/ _` | \ \ \ \
 \\/  ___)| |_)| | | | | || (_| |  ) ) ) )
  '  |____| .__|_| |_|_| |_\__, | / / / /
 =========|_|==============|___/=/_/_/_/

 :: Spring Boot ::                (v3.5.4)

2025-07-26T21:15:33.425+02:00  INFO 17646 --- [instgram-spring-boot-clone] [    Test worker] .InstgramSpringBootCloneApplicationTests : Starting InstgramSpringBootCloneApplicationTests using Java 17 with PID 17646 (started by albertoadami in /Users/albertoadami/repos/instagram-spring-boot-clone)
2025-07-26T21:15:33.426+02:00  INFO 17646 --- [instgram-spring-boot-clone] [    Test worker] .InstgramSpringBootCloneApplicationTests : No active profile set, falling back to 1 default profile: "default"
2025-07-26T21:15:33.881+02:00  INFO 17646 --- [instgram-spring-boot-clone] [    Test worker] .InstgramSpringBootCloneApplicationTests : Started InstgramSpringBootCloneApplicationTests in 0.573 seconds (process running for 1.043)
]]></system-out>
  <system-err><![CDATA[]]></system-err>
</testsuite>
