<?xml version="1.0" encoding="UTF-8"?>
<testsuite name="it.adami.spring.boot.clone.instagram.controller.UserControllerTests" tests="3" skipped="0" failures="0" errors="0" timestamp="2025-07-27T21:04:48" hostname="MacBookPro" time="0.114">
  <properties/>
  <testcase name="createUserConflictWithExistingEmail()" classname="it.adami.spring.boot.clone.instagram.controller.UserControllerTests" time="0.101"/>
  <testcase name="createUserSuccessfully()" classname="it.adami.spring.boot.clone.instagram.controller.UserControllerTests" time="0.006"/>
  <testcase name="createUserConflictWithExistingUsername()" classname="it.adami.spring.boot.clone.instagram.controller.UserControllerTests" time="0.005"/>
  <system-out><![CDATA[2025-07-27T23:04:48.468+02:00  INFO 29517 --- [    Test worker] t.c.s.AnnotationConfigContextLoaderUtils : Could not detect default configuration classes for test class [it.adami.spring.boot.clone.instagram.controller.UserControllerTests]: UserControllerTests does not declare any static, non-private, non-final, nested classes annotated with @Configuration.
2025-07-27T23:04:48.475+02:00  INFO 29517 --- [    Test worker] .b.t.c.SpringBootTestContextBootstrapper : Found @SpringBootConfiguration it.adami.spring.boot.clone.instagram.InstagramSpringBootCloneApplication for test class it.adami.spring.boot.clone.instagram.controller.UserControllerTests

  .   ____          _            __ _ _
 /\\ / ___'_ __ _ _(_)_ __  __ _ \ \ \ \
( ( )\___ | '_ | '_| | '_ \/ _` | \ \ \ \
 \\/  ___)| |_)| | | | | || (_| |  ) ) ) )
  '  |____| .__|_| |_|_| |_\__, | / / / /
 =========|_|==============|___/=/_/_/_/

 :: Spring Boot ::                (v3.5.4)

2025-07-27T23:04:48.490+02:00  INFO 29517 --- [    Test worker] i.a.s.b.c.i.c.UserControllerTests        : Starting UserControllerTests using Java 17 with PID 29517 (started by albertoadami in /Users/albertoadami/repos/instagram-spring-boot-clone)
2025-07-27T23:04:48.490+02:00  INFO 29517 --- [    Test worker] i.a.s.b.c.i.c.UserControllerTests        : The following 1 profile is active: "test"
2025-07-27T23:04:48.714+02:00  INFO 29517 --- [    Test worker] o.s.b.t.m.w.SpringBootMockServletContext : Initializing Spring TestDispatcherServlet ''
2025-07-27T23:04:48.714+02:00  INFO 29517 --- [    Test worker] o.s.t.web.servlet.TestDispatcherServlet  : Initializing Servlet ''
2025-07-27T23:04:48.715+02:00  INFO 29517 --- [    Test worker] o.s.t.web.servlet.TestDispatcherServlet  : Completed initialization in 1 ms
2025-07-27T23:04:48.720+02:00  INFO 29517 --- [    Test worker] i.a.s.b.c.i.c.UserControllerTests        : Started UserControllerTests in 0.243 seconds (process running for 1.658)
]]></system-out>
  <system-err><![CDATA[]]></system-err>
</testsuite>
