<?xml version="1.0" encoding="UTF-8"?>
<testsuite name="it.adami.spring.boot.clone.instagram.service.UserServiceTests" tests="3" skipped="0" failures="0" errors="0" timestamp="2025-07-27T21:04:51" hostname="MacBookPro" time="0.056">
  <properties/>
  <testcase name="createUserReturnUserId()" classname="it.adami.spring.boot.clone.instagram.service.UserServiceTests" time="0.052"/>
  <testcase name="createUserThrowsExceptionWhenEmailExists()" classname="it.adami.spring.boot.clone.instagram.service.UserServiceTests" time="0.001"/>
  <testcase name="createUserThrowsExceptionWhenUsernameExists()" classname="it.adami.spring.boot.clone.instagram.service.UserServiceTests" time="0.002"/>
  <system-out><![CDATA[]]></system-out>
  <system-err><![CDATA[]]></system-err>
</testsuite>
